CRITICAL - 2022-11-22 18:02:04 --> syntax error, unexpected token "if"
in APPPATH/Config/Routes.php on line 70.
 1 SYSTEMPATH/CodeIgniter.php(430): CodeIgniter\CodeIgniter->tryToRouteIt(null)
 2 SYSTEMPATH/CodeIgniter.php(351): CodeIgniter\CodeIgniter->handleRequest(null, Object(Config\Cache), false)
 3 FCPATH/index.php(67): CodeIgniter\CodeIgniter->run()
CRITICAL - 2022-11-22 18:24:24 --> syntax error, unexpected token "("
in APPPATH/Controllers/Admin/Client.php on line 40.
 1 SYSTEMPATH/Autoloader/Autoloader.php(259): CodeIgniter\Autoloader\Autoloader->includeFile('APPPATH/Controllers/Admin/Client.php')
 2 SYSTEMPATH/Autoloader/Autoloader.php(237): CodeIgniter\Autoloader\Autoloader->loadInNamespace('App\\Controllers\\Admin\\Client')
 3 [internal function]: CodeIgniter\Autoloader\Autoloader->loadClass('App\\Controllers\\Admin\\Client')
 4 SYSTEMPATH/CodeIgniter.php(877): class_exists('\\App\\Controllers\\Admin\\Client', true)
 5 SYSTEMPATH/CodeIgniter.php(469): CodeIgniter\CodeIgniter->startController()
 6 SYSTEMPATH/CodeIgniter.php(351): CodeIgniter\CodeIgniter->handleRequest(null, Object(Config\Cache), false)
 7 FCPATH/index.php(67): CodeIgniter\CodeIgniter->run()
CRITICAL - 2022-11-22 18:24:29 --> syntax error, unexpected token "("
in APPPATH/Controllers/Admin/Client.php on line 40.
 1 SYSTEMPATH/Autoloader/Autoloader.php(259): CodeIgniter\Autoloader\Autoloader->includeFile('APPPATH/Controllers/Admin/Client.php')
 2 SYSTEMPATH/Autoloader/Autoloader.php(237): CodeIgniter\Autoloader\Autoloader->loadInNamespace('App\\Controllers\\Admin\\Client')
 3 [internal function]: CodeIgniter\Autoloader\Autoloader->loadClass('App\\Controllers\\Admin\\Client')
 4 SYSTEMPATH/CodeIgniter.php(877): class_exists('\\App\\Controllers\\Admin\\Client', true)
 5 SYSTEMPATH/CodeIgniter.php(469): CodeIgniter\CodeIgniter->startController()
 6 SYSTEMPATH/CodeIgniter.php(351): CodeIgniter\CodeIgniter->handleRequest(null, Object(Config\Cache), false)
 7 FCPATH/index.php(67): CodeIgniter\CodeIgniter->run()
ERROR - 2022-11-22 18:33:12 --> mysqli_sql_exception: Unknown column 'clients.id' in 'where clause' in /var/www/html/codeigniter4/system/Database/MySQLi/Connection.php:292
Stack trace:
#0 /var/www/html/codeigniter4/system/Database/MySQLi/Connection.php(292): mysqli->query('SELECT *\nFROM `...', 0)
#1 /var/www/html/codeigniter4/system/Database/BaseConnection.php(666): CodeIgniter\Database\MySQLi\Connection->execute('SELECT *\nFROM `...')
#2 /var/www/html/codeigniter4/system/Database/BaseConnection.php(593): CodeIgniter\Database\BaseConnection->simpleQuery('SELECT *\nFROM `...')
#3 /var/www/html/codeigniter4/system/Database/BaseBuilder.php(1585): CodeIgniter\Database\BaseConnection->query('SELECT *\nFROM `...', Array, false)
#4 /var/www/html/codeigniter4/system/Model.php(182): CodeIgniter\Database\BaseBuilder->get()
#5 /var/www/html/codeigniter4/system/BaseModel.php(524): CodeIgniter\Model->doFind(true, '6')
#6 /var/www/html/codeigniter4/app/Controllers/Admin/Client.php(44): CodeIgniter\BaseModel->find('6')
#7 /var/www/html/codeigniter4/system/CodeIgniter.php(927): App\Controllers\Admin\Client->updateClient('6')
#8 /var/www/html/codeigniter4/system/CodeIgniter.php(482): CodeIgniter\CodeIgniter->runController(Object(App\Controllers\Admin\Client))
#9 /var/www/html/codeigniter4/system/CodeIgniter.php(351): CodeIgniter\CodeIgniter->handleRequest(NULL, Object(Config\Cache), false)
#10 /var/www/html/codeigniter4/public/index.php(67): CodeIgniter\CodeIgniter->run()
#11 {main}
CRITICAL - 2022-11-22 18:33:12 --> Unknown column 'clients.id' in 'where clause'
in SYSTEMPATH/Database/MySQLi/Connection.php on line 292.
 1 SYSTEMPATH/Database/MySQLi/Connection.php(292): mysqli->query('SELECT *
FROM `clients`
WHERE `clients`.`id` = \'6\'', 0)
 2 SYSTEMPATH/Database/BaseConnection.php(666): CodeIgniter\Database\MySQLi\Connection->execute('SELECT *
FROM `clients`
WHERE `clients`.`id` = \'6\'')
 3 SYSTEMPATH/Database/BaseConnection.php(593): CodeIgniter\Database\BaseConnection->simpleQuery('SELECT *
FROM `clients`
WHERE `clients`.`id` = \'6\'')
 4 SYSTEMPATH/Database/BaseBuilder.php(1585): CodeIgniter\Database\BaseConnection->query('SELECT *
FROM `clients`
WHERE `clients`.`id` = :clients.id:', [...], false)
 5 SYSTEMPATH/Model.php(182): CodeIgniter\Database\BaseBuilder->get()
 6 SYSTEMPATH/BaseModel.php(524): CodeIgniter\Model->doFind(true, '6')
 7 APPPATH/Controllers/Admin/Client.php(44): CodeIgniter\BaseModel->find('6')
 8 SYSTEMPATH/CodeIgniter.php(927): App\Controllers\Admin\Client->updateClient('6')
 9 SYSTEMPATH/CodeIgniter.php(482): CodeIgniter\CodeIgniter->runController(Object(App\Controllers\Admin\Client))
10 SYSTEMPATH/CodeIgniter.php(351): CodeIgniter\CodeIgniter->handleRequest(null, Object(Config\Cache), false)
11 FCPATH/index.php(67): CodeIgniter\CodeIgniter->run()
ERROR - 2022-11-22 18:33:32 --> mysqli_sql_exception: Unknown column 'clients.id' in 'where clause' in /var/www/html/codeigniter4/system/Database/MySQLi/Connection.php:292
Stack trace:
#0 /var/www/html/codeigniter4/system/Database/MySQLi/Connection.php(292): mysqli->query('SELECT *\nFROM `...', 0)
#1 /var/www/html/codeigniter4/system/Database/BaseConnection.php(666): CodeIgniter\Database\MySQLi\Connection->execute('SELECT *\nFROM `...')
#2 /var/www/html/codeigniter4/system/Database/BaseConnection.php(593): CodeIgniter\Database\BaseConnection->simpleQuery('SELECT *\nFROM `...')
#3 /var/www/html/codeigniter4/system/Database/BaseBuilder.php(1585): CodeIgniter\Database\BaseConnection->query('SELECT *\nFROM `...', Array, false)
#4 /var/www/html/codeigniter4/system/Model.php(182): CodeIgniter\Database\BaseBuilder->get()
#5 /var/www/html/codeigniter4/system/BaseModel.php(524): CodeIgniter\Model->doFind(true, '6')
#6 /var/www/html/codeigniter4/app/Controllers/Admin/Client.php(44): CodeIgniter\BaseModel->find('6')
#7 /var/www/html/codeigniter4/system/CodeIgniter.php(927): App\Controllers\Admin\Client->updateClient('6')
#8 /var/www/html/codeigniter4/system/CodeIgniter.php(482): CodeIgniter\CodeIgniter->runController(Object(App\Controllers\Admin\Client))
#9 /var/www/html/codeigniter4/system/CodeIgniter.php(351): CodeIgniter\CodeIgniter->handleRequest(NULL, Object(Config\Cache), false)
#10 /var/www/html/codeigniter4/public/index.php(67): CodeIgniter\CodeIgniter->run()
#11 {main}
CRITICAL - 2022-11-22 18:33:32 --> Unknown column 'clients.id' in 'where clause'
in SYSTEMPATH/Database/MySQLi/Connection.php on line 292.
 1 SYSTEMPATH/Database/MySQLi/Connection.php(292): mysqli->query('SELECT *
FROM `clients`
WHERE `clients`.`id` = \'6\'', 0)
 2 SYSTEMPATH/Database/BaseConnection.php(666): CodeIgniter\Database\MySQLi\Connection->execute('SELECT *
FROM `clients`
WHERE `clients`.`id` = \'6\'')
 3 SYSTEMPATH/Database/BaseConnection.php(593): CodeIgniter\Database\BaseConnection->simpleQuery('SELECT *
FROM `clients`
WHERE `clients`.`id` = \'6\'')
 4 SYSTEMPATH/Database/BaseBuilder.php(1585): CodeIgniter\Database\BaseConnection->query('SELECT *
FROM `clients`
WHERE `clients`.`id` = :clients.id:', [...], false)
 5 SYSTEMPATH/Model.php(182): CodeIgniter\Database\BaseBuilder->get()
 6 SYSTEMPATH/BaseModel.php(524): CodeIgniter\Model->doFind(true, '6')
 7 APPPATH/Controllers/Admin/Client.php(44): CodeIgniter\BaseModel->find('6')
 8 SYSTEMPATH/CodeIgniter.php(927): App\Controllers\Admin\Client->updateClient('6')
 9 SYSTEMPATH/CodeIgniter.php(482): CodeIgniter\CodeIgniter->runController(Object(App\Controllers\Admin\Client))
10 SYSTEMPATH/CodeIgniter.php(351): CodeIgniter\CodeIgniter->handleRequest(null, Object(Config\Cache), false)
11 FCPATH/index.php(67): CodeIgniter\CodeIgniter->run()
ERROR - 2022-11-22 18:36:00 --> mysqli_sql_exception: Unknown column 'clients.id' in 'where clause' in /var/www/html/codeigniter4/system/Database/MySQLi/Connection.php:292
Stack trace:
#0 /var/www/html/codeigniter4/system/Database/MySQLi/Connection.php(292): mysqli->query('SELECT *\nFROM `...', 0)
#1 /var/www/html/codeigniter4/system/Database/BaseConnection.php(666): CodeIgniter\Database\MySQLi\Connection->execute('SELECT *\nFROM `...')
#2 /var/www/html/codeigniter4/system/Database/BaseConnection.php(593): CodeIgniter\Database\BaseConnection->simpleQuery('SELECT *\nFROM `...')
#3 /var/www/html/codeigniter4/system/Database/BaseBuilder.php(1585): CodeIgniter\Database\BaseConnection->query('SELECT *\nFROM `...', Array, false)
#4 /var/www/html/codeigniter4/system/Model.php(182): CodeIgniter\Database\BaseBuilder->get()
#5 /var/www/html/codeigniter4/system/BaseModel.php(524): CodeIgniter\Model->doFind(true, '6')
#6 /var/www/html/codeigniter4/app/Controllers/Admin/Client.php(44): CodeIgniter\BaseModel->find('6')
#7 /var/www/html/codeigniter4/system/CodeIgniter.php(927): App\Controllers\Admin\Client->updateClient('6')
#8 /var/www/html/codeigniter4/system/CodeIgniter.php(482): CodeIgniter\CodeIgniter->runController(Object(App\Controllers\Admin\Client))
#9 /var/www/html/codeigniter4/system/CodeIgniter.php(351): CodeIgniter\CodeIgniter->handleRequest(NULL, Object(Config\Cache), false)
#10 /var/www/html/codeigniter4/public/index.php(67): CodeIgniter\CodeIgniter->run()
#11 {main}
CRITICAL - 2022-11-22 18:36:00 --> Unknown column 'clients.id' in 'where clause'
in SYSTEMPATH/Database/MySQLi/Connection.php on line 292.
 1 SYSTEMPATH/Database/MySQLi/Connection.php(292): mysqli->query('SELECT *
FROM `clients`
WHERE `clients`.`id` = \'6\'', 0)
 2 SYSTEMPATH/Database/BaseConnection.php(666): CodeIgniter\Database\MySQLi\Connection->execute('SELECT *
FROM `clients`
WHERE `clients`.`id` = \'6\'')
 3 SYSTEMPATH/Database/BaseConnection.php(593): CodeIgniter\Database\BaseConnection->simpleQuery('SELECT *
FROM `clients`
WHERE `clients`.`id` = \'6\'')
 4 SYSTEMPATH/Database/BaseBuilder.php(1585): CodeIgniter\Database\BaseConnection->query('SELECT *
FROM `clients`
WHERE `clients`.`id` = :clients.id:', [...], false)
 5 SYSTEMPATH/Model.php(182): CodeIgniter\Database\BaseBuilder->get()
 6 SYSTEMPATH/BaseModel.php(524): CodeIgniter\Model->doFind(true, '6')
 7 APPPATH/Controllers/Admin/Client.php(44): CodeIgniter\BaseModel->find('6')
 8 SYSTEMPATH/CodeIgniter.php(927): App\Controllers\Admin\Client->updateClient('6')
 9 SYSTEMPATH/CodeIgniter.php(482): CodeIgniter\CodeIgniter->runController(Object(App\Controllers\Admin\Client))
10 SYSTEMPATH/CodeIgniter.php(351): CodeIgniter\CodeIgniter->handleRequest(null, Object(Config\Cache), false)
11 FCPATH/index.php(67): CodeIgniter\CodeIgniter->run()
ERROR - 2022-11-22 18:38:08 --> mysqli_sql_exception: Unknown column 'id' in 'where clause' in /var/www/html/codeigniter4/system/Database/MySQLi/Connection.php:292
Stack trace:
#0 /var/www/html/codeigniter4/system/Database/MySQLi/Connection.php(292): mysqli->query('DELETE FROM `cl...', 0)
#1 /var/www/html/codeigniter4/system/Database/BaseConnection.php(666): CodeIgniter\Database\MySQLi\Connection->execute('DELETE FROM `cl...')
#2 /var/www/html/codeigniter4/system/Database/BaseConnection.php(593): CodeIgniter\Database\BaseConnection->simpleQuery('DELETE FROM `cl...')
#3 /var/www/html/codeigniter4/system/Database/BaseBuilder.php(2391): CodeIgniter\Database\BaseConnection->query('DELETE FROM `cl...', Array, false)
#4 /var/www/html/codeigniter4/system/Model.php(401): CodeIgniter\Database\BaseBuilder->delete()
#5 /var/www/html/codeigniter4/system/BaseModel.php(984): CodeIgniter\Model->doDelete(Array, false)
#6 /var/www/html/codeigniter4/app/Controllers/Admin/Client.php(67): CodeIgniter\BaseModel->delete(Array)
#7 /var/www/html/codeigniter4/system/CodeIgniter.php(927): App\Controllers\Admin\Client->deleteClient('5')
#8 /var/www/html/codeigniter4/system/CodeIgniter.php(482): CodeIgniter\CodeIgniter->runController(Object(App\Controllers\Admin\Client))
#9 /var/www/html/codeigniter4/system/CodeIgniter.php(351): CodeIgniter\CodeIgniter->handleRequest(NULL, Object(Config\Cache), false)
#10 /var/www/html/codeigniter4/public/index.php(67): CodeIgniter\CodeIgniter->run()
#11 {main}
CRITICAL - 2022-11-22 18:38:08 --> Unknown column 'id' in 'where clause'
in SYSTEMPATH/Database/MySQLi/Connection.php on line 292.
 1 SYSTEMPATH/Database/MySQLi/Connection.php(292): mysqli->query('DELETE FROM `clients`
WHERE `id` IN (\'5\')', 0)
 2 SYSTEMPATH/Database/BaseConnection.php(666): CodeIgniter\Database\MySQLi\Connection->execute('DELETE FROM `clients`
WHERE `id` IN (\'5\')')
 3 SYSTEMPATH/Database/BaseConnection.php(593): CodeIgniter\Database\BaseConnection->simpleQuery('DELETE FROM `clients`
WHERE `id` IN (\'5\')')
 4 SYSTEMPATH/Database/BaseBuilder.php(2391): CodeIgniter\Database\BaseConnection->query('DELETE FROM `clients`
WHERE `id` IN :id:', [...], false)
 5 SYSTEMPATH/Model.php(401): CodeIgniter\Database\BaseBuilder->delete()
 6 SYSTEMPATH/BaseModel.php(984): CodeIgniter\Model->doDelete([...], false)
 7 APPPATH/Controllers/Admin/Client.php(67): CodeIgniter\BaseModel->delete([...])
 8 SYSTEMPATH/CodeIgniter.php(927): App\Controllers\Admin\Client->deleteClient('5')
 9 SYSTEMPATH/CodeIgniter.php(482): CodeIgniter\CodeIgniter->runController(Object(App\Controllers\Admin\Client))
10 SYSTEMPATH/CodeIgniter.php(351): CodeIgniter\CodeIgniter->handleRequest(null, Object(Config\Cache), false)
11 FCPATH/index.php(67): CodeIgniter\CodeIgniter->run()
ERROR - 2022-11-22 18:39:12 --> mysqli_sql_exception: Unknown column 'clients.id' in 'where clause' in /var/www/html/codeigniter4/system/Database/MySQLi/Connection.php:292
Stack trace:
#0 /var/www/html/codeigniter4/system/Database/MySQLi/Connection.php(292): mysqli->query('SELECT *\nFROM `...', 0)
#1 /var/www/html/codeigniter4/system/Database/BaseConnection.php(666): CodeIgniter\Database\MySQLi\Connection->execute('SELECT *\nFROM `...')
#2 /var/www/html/codeigniter4/system/Database/BaseConnection.php(593): CodeIgniter\Database\BaseConnection->simpleQuery('SELECT *\nFROM `...')
#3 /var/www/html/codeigniter4/system/Database/BaseBuilder.php(1585): CodeIgniter\Database\BaseConnection->query('SELECT *\nFROM `...', Array, false)
#4 /var/www/html/codeigniter4/system/Model.php(182): CodeIgniter\Database\BaseBuilder->get()
#5 /var/www/html/codeigniter4/system/BaseModel.php(524): CodeIgniter\Model->doFind(true, '4')
#6 /var/www/html/codeigniter4/app/Controllers/Admin/Client.php(44): CodeIgniter\BaseModel->find('4')
#7 /var/www/html/codeigniter4/system/CodeIgniter.php(927): App\Controllers\Admin\Client->updateClient('4')
#8 /var/www/html/codeigniter4/system/CodeIgniter.php(482): CodeIgniter\CodeIgniter->runController(Object(App\Controllers\Admin\Client))
#9 /var/www/html/codeigniter4/system/CodeIgniter.php(351): CodeIgniter\CodeIgniter->handleRequest(NULL, Object(Config\Cache), false)
#10 /var/www/html/codeigniter4/public/index.php(67): CodeIgniter\CodeIgniter->run()
#11 {main}
CRITICAL - 2022-11-22 18:39:12 --> Unknown column 'clients.id' in 'where clause'
in SYSTEMPATH/Database/MySQLi/Connection.php on line 292.
 1 SYSTEMPATH/Database/MySQLi/Connection.php(292): mysqli->query('SELECT *
FROM `clients`
WHERE `clients`.`id` = \'4\'', 0)
 2 SYSTEMPATH/Database/BaseConnection.php(666): CodeIgniter\Database\MySQLi\Connection->execute('SELECT *
FROM `clients`
WHERE `clients`.`id` = \'4\'')
 3 SYSTEMPATH/Database/BaseConnection.php(593): CodeIgniter\Database\BaseConnection->simpleQuery('SELECT *
FROM `clients`
WHERE `clients`.`id` = \'4\'')
 4 SYSTEMPATH/Database/BaseBuilder.php(1585): CodeIgniter\Database\BaseConnection->query('SELECT *
FROM `clients`
WHERE `clients`.`id` = :clients.id:', [...], false)
 5 SYSTEMPATH/Model.php(182): CodeIgniter\Database\BaseBuilder->get()
 6 SYSTEMPATH/BaseModel.php(524): CodeIgniter\Model->doFind(true, '4')
 7 APPPATH/Controllers/Admin/Client.php(44): CodeIgniter\BaseModel->find('4')
 8 SYSTEMPATH/CodeIgniter.php(927): App\Controllers\Admin\Client->updateClient('4')
 9 SYSTEMPATH/CodeIgniter.php(482): CodeIgniter\CodeIgniter->runController(Object(App\Controllers\Admin\Client))
10 SYSTEMPATH/CodeIgniter.php(351): CodeIgniter\CodeIgniter->handleRequest(null, Object(Config\Cache), false)
11 FCPATH/index.php(67): CodeIgniter\CodeIgniter->run()
